  Source.cpp
C:\Users\farha\OneDrive - University of Bradford\Third year\Tangram real\Project29\Project29\Source.cpp(13,41): warning C4305: 'initializing': truncation from 'double' to 'float'
C:\Users\farha\OneDrive - University of Bradford\Third year\Tangram real\Project29\Project29\Source.cpp(13,46): warning C4305: 'initializing': truncation from 'double' to 'float'
C:\Users\farha\OneDrive - University of Bradford\Third year\Tangram real\Project29\Project29\Source.cpp(14,39): warning C4305: 'initializing': truncation from 'double' to 'float'
C:\Users\farha\OneDrive - University of Bradford\Third year\Tangram real\Project29\Project29\Source.cpp(14,44): warning C4305: 'initializing': truncation from 'double' to 'float'
C:\Users\farha\OneDrive - University of Bradford\Third year\Tangram real\Project29\Project29\Source.cpp(14,49): warning C4305: 'initializing': truncation from 'double' to 'float'
C:\Users\farha\OneDrive - University of Bradford\Third year\Tangram real\Project29\Project29\Source.cpp(15,41): warning C4305: 'initializing': truncation from 'double' to 'float'
C:\Users\farha\OneDrive - University of Bradford\Third year\Tangram real\Project29\Project29\Source.cpp(16,41): warning C4305: 'initializing': truncation from 'double' to 'float'
C:\Users\farha\OneDrive - University of Bradford\Third year\Tangram real\Project29\Project29\Source.cpp(16,46): warning C4305: 'initializing': truncation from 'double' to 'float'
C:\Users\farha\OneDrive - University of Bradford\Third year\Tangram real\Project29\Project29\Source.cpp(17,40): warning C4305: 'initializing': truncation from 'double' to 'float'
C:\Users\farha\OneDrive - University of Bradford\Third year\Tangram real\Project29\Project29\Source.cpp(17,44): warning C4305: 'initializing': truncation from 'double' to 'float'
C:\Users\farha\OneDrive - University of Bradford\Third year\Tangram real\Project29\Project29\Source.cpp(18,40): warning C4305: 'initializing': truncation from 'double' to 'float'
C:\Users\farha\OneDrive - University of Bradford\Third year\Tangram real\Project29\Project29\Source.cpp(18,45): warning C4305: 'initializing': truncation from 'double' to 'float'
C:\Users\farha\OneDrive - University of Bradford\Third year\Tangram real\Project29\Project29\Source.cpp(18,50): warning C4305: 'initializing': truncation from 'double' to 'float'
C:\Users\farha\OneDrive - University of Bradford\Third year\Tangram real\Project29\Project29\Source.cpp(20,41): warning C4305: 'initializing': truncation from 'double' to 'float'
C:\Users\farha\OneDrive - University of Bradford\Third year\Tangram real\Project29\Project29\Source.cpp(20,46): warning C4305: 'initializing': truncation from 'double' to 'float'
C:\Users\farha\OneDrive - University of Bradford\Third year\Tangram real\Project29\Project29\Source.cpp(21,40): warning C4305: 'initializing': truncation from 'double' to 'float'
C:\Users\farha\OneDrive - University of Bradford\Third year\Tangram real\Project29\Project29\Source.cpp(21,45): warning C4305: 'initializing': truncation from 'double' to 'float'
C:\Users\farha\OneDrive - University of Bradford\Third year\Tangram real\Project29\Project29\Source.cpp(21,50): warning C4305: 'initializing': truncation from 'double' to 'float'
C:\Users\farha\OneDrive - University of Bradford\Third year\Tangram real\Project29\Project29\Source.cpp(22,39): warning C4305: 'initializing': truncation from 'double' to 'float'
C:\Users\farha\OneDrive - University of Bradford\Third year\Tangram real\Project29\Project29\Source.cpp(23,41): warning C4305: 'initializing': truncation from 'double' to 'float'
C:\Users\farha\OneDrive - University of Bradford\Third year\Tangram real\Project29\Project29\Source.cpp(23,46): warning C4305: 'initializing': truncation from 'double' to 'float'
C:\Users\farha\OneDrive - University of Bradford\Third year\Tangram real\Project29\Project29\Source.cpp(24,41): warning C4305: 'initializing': truncation from 'double' to 'float'
C:\Users\farha\OneDrive - University of Bradford\Third year\Tangram real\Project29\Project29\Source.cpp(24,46): warning C4305: 'initializing': truncation from 'double' to 'float'
C:\Users\farha\OneDrive - University of Bradford\Third year\Tangram real\Project29\Project29\Source.cpp(25,38): warning C4305: 'initializing': truncation from 'double' to 'float'
C:\Users\farha\OneDrive - University of Bradford\Third year\Tangram real\Project29\Project29\Source.cpp(25,43): warning C4305: 'initializing': truncation from 'double' to 'float'
C:\Users\farha\OneDrive - University of Bradford\Third year\Tangram real\Project29\Project29\Source.cpp(25,48): warning C4305: 'initializing': truncation from 'double' to 'float'
C:\Users\farha\OneDrive - University of Bradford\Third year\Tangram real\Project29\Project29\Source.cpp(31,29): warning C4244: '=': conversion from 'double' to 'float', possible loss of data
C:\Users\farha\OneDrive - University of Bradford\Third year\Tangram real\Project29\Project29\Source.cpp(39,14): warning C4244: 'initializing': conversion from 'double' to 'float', possible loss of data
C:\Users\farha\OneDrive - University of Bradford\Third year\Tangram real\Project29\Project29\Source.cpp(40,14): warning C4244: 'initializing': conversion from 'double' to 'float', possible loss of data
C:\Users\farha\OneDrive - University of Bradford\Third year\Tangram real\Project29\Project29\Source.cpp(85,48): warning C4305: 'argument': truncation from 'double' to 'float'
C:\Users\farha\OneDrive - University of Bradford\Third year\Tangram real\Project29\Project29\Source.cpp(85,26): warning C4244: 'argument': conversion from 'int' to 'float', possible loss of data
  Project29.vcxproj -> C:\Users\farha\OneDrive - University of Bradford\Third year\Tangram real\Project29\Debug\Project29.exe
